19:40:31  INFO  manager.ApplicationManager - Tests starts on Chrome Driver
19:40:35  INFO  tests.TestBase - Start test--->addNewContactTest
19:40:35  INFO  manager.MyListener - Start search element by locator--->By.xpath: //button[text()='Sign Out']
19:40:45  INFO  manager.MyListener - The element with locator-->By.xpath: //button[text()='Sign Out']was found
19:40:45  INFO  manager.MyListener - Start search element by locator--->By.xpath: //a[text()='LOGIN']
19:40:45  INFO  manager.MyListener - The element with locator-->By.xpath: //a[text()='LOGIN']was found
19:40:45  INFO  manager.MyListener - Start search element by locator--->By.xpath: //input[1]
19:40:45  INFO  manager.MyListener - The element with locator-->By.xpath: //input[1]was found
19:40:45  INFO  manager.MyListener - Start search element by locator--->By.xpath: //input[2]
19:40:45  INFO  manager.MyListener - The element with locator-->By.xpath: //input[2]was found
19:40:45  INFO  manager.MyListener - Start search element by locator--->By.xpath: //button[1]
19:40:45  INFO  manager.MyListener - The element with locator-->By.xpath: //button[1]was found
19:40:46  INFO  manager.MyListener - Start search element by locator--->By.xpath: a[.='ADD']
19:40:56  INFO  manager.MyListener - Something went wrong!
19:40:56  INFO  manager.MyListener - no such element: Unable to locate element: {"method":"xpath","selector":"a[.='ADD']"}
  (Session info: chrome=95.0.4638.69)
For documentation on this error, please visit: https://www.seleniumhq.org/exceptions/no_such_element.html
Build info: version: '3.141.59', revision: 'e82be7d358', time: '2018-11-14T08:17:03'
System info: host: 'LAPTOP-44JBEN25', ip: '172.20.10.2', os.name: 'Windows 10', os.arch: 'amd64', os.version: '10.0', java.version: '1.8.0_301'
Driver info: org.openqa.selenium.chrome.ChromeDriver
Capabilities {acceptInsecureCerts: false, browserName: chrome, browserVersion: 95.0.4638.69, chrome: {chromedriverVersion: 94.0.4606.61 (418b78f5838ed..., userDataDir: C:\Users\gorbu\AppData\Loca...}, goog:chromeOptions: {debuggerAddress: localhost:59446}, javascriptEnabled: true, networkConnectionEnabled: false, pageLoadStrategy: normal, platform: WINDOWS, platformName: WINDOWS, proxy: Proxy(), setWindowRect: true, strictFileInteractability: false, timeouts: {implicit: 0, pageLoad: 300000, script: 30000}, unhandledPromptBehavior: dismiss and notify, webauthn:extension:credBlob: true, webauthn:extension:largeBlob: true, webauthn:virtualAuthenticators: true}
Session ID: 9f03a37348ce879648f61c525379df51
*** Element info: {Using=xpath, value=a[.='ADD']}
19:40:56  INFO  manager.MyListener - org.openqa.selenium.NoSuchElementException: no such element: Unable to locate element: {"method":"xpath","selector":"a[.='ADD']"}
  (Session info: chrome=95.0.4638.69)
For documentation on this error, please visit: https://www.seleniumhq.org/exceptions/no_such_element.html
Build info: version: '3.141.59', revision: 'e82be7d358', time: '2018-11-14T08:17:03'
System info: host: 'LAPTOP-44JBEN25', ip: '172.20.10.2', os.name: 'Windows 10', os.arch: 'amd64', os.version: '10.0', java.version: '1.8.0_301'
Driver info: org.openqa.selenium.chrome.ChromeDriver
Capabilities {acceptInsecureCerts: false, browserName: chrome, browserVersion: 95.0.4638.69, chrome: {chromedriverVersion: 94.0.4606.61 (418b78f5838ed..., userDataDir: C:\Users\gorbu\AppData\Loca...}, goog:chromeOptions: {debuggerAddress: localhost:59446}, javascriptEnabled: true, networkConnectionEnabled: false, pageLoadStrategy: normal, platform: WINDOWS, platformName: WINDOWS, proxy: Proxy(), setWindowRect: true, strictFileInteractability: false, timeouts: {implicit: 0, pageLoad: 300000, script: 30000}, unhandledPromptBehavior: dismiss and notify, webauthn:extension:credBlob: true, webauthn:extension:largeBlob: true, webauthn:virtualAuthenticators: true}
Session ID: 9f03a37348ce879648f61c525379df51
*** Element info: {Using=xpath, value=a[.='ADD']}
19:40:56  INFO  manager.MyListener - This link to the screenshot with error-->src/test/screenshots/screenshot-2456.png
19:40:56  INFO  tests.TestBase - *******************************************
19:40:56  INFO  tests.TestBase - Start test--->addNewContactTest
19:40:56  INFO  manager.MyListener - Start search element by locator--->By.xpath: //button[text()='Sign Out']
19:40:56  INFO  manager.MyListener - The element with locator-->By.xpath: //button[text()='Sign Out']was found
19:40:56  INFO  manager.MyListener - Start search element by locator--->By.xpath: a[.='ADD']
19:41:06  INFO  manager.MyListener - Something went wrong!
19:41:06  INFO  manager.MyListener - no such element: Unable to locate element: {"method":"xpath","selector":"a[.='ADD']"}
  (Session info: chrome=95.0.4638.69)
For documentation on this error, please visit: https://www.seleniumhq.org/exceptions/no_such_element.html
Build info: version: '3.141.59', revision: 'e82be7d358', time: '2018-11-14T08:17:03'
System info: host: 'LAPTOP-44JBEN25', ip: '172.20.10.2', os.name: 'Windows 10', os.arch: 'amd64', os.version: '10.0', java.version: '1.8.0_301'
Driver info: org.openqa.selenium.chrome.ChromeDriver
Capabilities {acceptInsecureCerts: false, browserName: chrome, browserVersion: 95.0.4638.69, chrome: {chromedriverVersion: 94.0.4606.61 (418b78f5838ed..., userDataDir: C:\Users\gorbu\AppData\Loca...}, goog:chromeOptions: {debuggerAddress: localhost:59446}, javascriptEnabled: true, networkConnectionEnabled: false, pageLoadStrategy: normal, platform: WINDOWS, platformName: WINDOWS, proxy: Proxy(), setWindowRect: true, strictFileInteractability: false, timeouts: {implicit: 0, pageLoad: 300000, script: 30000}, unhandledPromptBehavior: dismiss and notify, webauthn:extension:credBlob: true, webauthn:extension:largeBlob: true, webauthn:virtualAuthenticators: true}
Session ID: 9f03a37348ce879648f61c525379df51
*** Element info: {Using=xpath, value=a[.='ADD']}
19:41:06  INFO  manager.MyListener - org.openqa.selenium.NoSuchElementException: no such element: Unable to locate element: {"method":"xpath","selector":"a[.='ADD']"}
  (Session info: chrome=95.0.4638.69)
For documentation on this error, please visit: https://www.seleniumhq.org/exceptions/no_such_element.html
Build info: version: '3.141.59', revision: 'e82be7d358', time: '2018-11-14T08:17:03'
System info: host: 'LAPTOP-44JBEN25', ip: '172.20.10.2', os.name: 'Windows 10', os.arch: 'amd64', os.version: '10.0', java.version: '1.8.0_301'
Driver info: org.openqa.selenium.chrome.ChromeDriver
Capabilities {acceptInsecureCerts: false, browserName: chrome, browserVersion: 95.0.4638.69, chrome: {chromedriverVersion: 94.0.4606.61 (418b78f5838ed..., userDataDir: C:\Users\gorbu\AppData\Loca...}, goog:chromeOptions: {debuggerAddress: localhost:59446}, javascriptEnabled: true, networkConnectionEnabled: false, pageLoadStrategy: normal, platform: WINDOWS, platformName: WINDOWS, proxy: Proxy(), setWindowRect: true, strictFileInteractability: false, timeouts: {implicit: 0, pageLoad: 300000, script: 30000}, unhandledPromptBehavior: dismiss and notify, webauthn:extension:credBlob: true, webauthn:extension:largeBlob: true, webauthn:virtualAuthenticators: true}
Session ID: 9f03a37348ce879648f61c525379df51
*** Element info: {Using=xpath, value=a[.='ADD']}
19:41:06  INFO  manager.MyListener - This link to the screenshot with error-->src/test/screenshots/screenshot-2466.png
19:41:06  INFO  tests.TestBase - *******************************************
19:41:06  INFO  tests.TestBase - Start test--->addNewContactTest
19:41:06  INFO  manager.MyListener - Start search element by locator--->By.xpath: //button[text()='Sign Out']
19:41:06  INFO  manager.MyListener - The element with locator-->By.xpath: //button[text()='Sign Out']was found
19:41:06  INFO  manager.MyListener - Start search element by locator--->By.xpath: a[.='ADD']
19:41:17  INFO  manager.MyListener - Something went wrong!
19:41:17  INFO  manager.MyListener - no such element: Unable to locate element: {"method":"xpath","selector":"a[.='ADD']"}
  (Session info: chrome=95.0.4638.69)
For documentation on this error, please visit: https://www.seleniumhq.org/exceptions/no_such_element.html
Build info: version: '3.141.59', revision: 'e82be7d358', time: '2018-11-14T08:17:03'
System info: host: 'LAPTOP-44JBEN25', ip: '172.20.10.2', os.name: 'Windows 10', os.arch: 'amd64', os.version: '10.0', java.version: '1.8.0_301'
Driver info: org.openqa.selenium.chrome.ChromeDriver
Capabilities {acceptInsecureCerts: false, browserName: chrome, browserVersion: 95.0.4638.69, chrome: {chromedriverVersion: 94.0.4606.61 (418b78f5838ed..., userDataDir: C:\Users\gorbu\AppData\Loca...}, goog:chromeOptions: {debuggerAddress: localhost:59446}, javascriptEnabled: true, networkConnectionEnabled: false, pageLoadStrategy: normal, platform: WINDOWS, platformName: WINDOWS, proxy: Proxy(), setWindowRect: true, strictFileInteractability: false, timeouts: {implicit: 0, pageLoad: 300000, script: 30000}, unhandledPromptBehavior: dismiss and notify, webauthn:extension:credBlob: true, webauthn:extension:largeBlob: true, webauthn:virtualAuthenticators: true}
Session ID: 9f03a37348ce879648f61c525379df51
*** Element info: {Using=xpath, value=a[.='ADD']}
19:41:17  INFO  manager.MyListener - org.openqa.selenium.NoSuchElementException: no such element: Unable to locate element: {"method":"xpath","selector":"a[.='ADD']"}
  (Session info: chrome=95.0.4638.69)
For documentation on this error, please visit: https://www.seleniumhq.org/exceptions/no_such_element.html
Build info: version: '3.141.59', revision: 'e82be7d358', time: '2018-11-14T08:17:03'
System info: host: 'LAPTOP-44JBEN25', ip: '172.20.10.2', os.name: 'Windows 10', os.arch: 'amd64', os.version: '10.0', java.version: '1.8.0_301'
Driver info: org.openqa.selenium.chrome.ChromeDriver
Capabilities {acceptInsecureCerts: false, browserName: chrome, browserVersion: 95.0.4638.69, chrome: {chromedriverVersion: 94.0.4606.61 (418b78f5838ed..., userDataDir: C:\Users\gorbu\AppData\Loca...}, goog:chromeOptions: {debuggerAddress: localhost:59446}, javascriptEnabled: true, networkConnectionEnabled: false, pageLoadStrategy: normal, platform: WINDOWS, platformName: WINDOWS, proxy: Proxy(), setWindowRect: true, strictFileInteractability: false, timeouts: {implicit: 0, pageLoad: 300000, script: 30000}, unhandledPromptBehavior: dismiss and notify, webauthn:extension:credBlob: true, webauthn:extension:largeBlob: true, webauthn:virtualAuthenticators: true}
Session ID: 9f03a37348ce879648f61c525379df51
*** Element info: {Using=xpath, value=a[.='ADD']}
19:41:17  INFO  manager.MyListener - This link to the screenshot with error-->src/test/screenshots/screenshot-2477.png
19:41:17  INFO  tests.TestBase - *******************************************
19:41:17  INFO  tests.TestBase - Start test--->addNewContactTest
19:41:17  INFO  manager.MyListener - Start search element by locator--->By.xpath: //button[text()='Sign Out']
19:41:17  INFO  manager.MyListener - The element with locator-->By.xpath: //button[text()='Sign Out']was found
19:41:17  INFO  manager.MyListener - Start search element by locator--->By.xpath: a[.='ADD']
19:41:27  INFO  manager.MyListener - Something went wrong!
19:41:27  INFO  manager.MyListener - no such element: Unable to locate element: {"method":"xpath","selector":"a[.='ADD']"}
  (Session info: chrome=95.0.4638.69)
For documentation on this error, please visit: https://www.seleniumhq.org/exceptions/no_such_element.html
Build info: version: '3.141.59', revision: 'e82be7d358', time: '2018-11-14T08:17:03'
System info: host: 'LAPTOP-44JBEN25', ip: '172.20.10.2', os.name: 'Windows 10', os.arch: 'amd64', os.version: '10.0', java.version: '1.8.0_301'
Driver info: org.openqa.selenium.chrome.ChromeDriver
Capabilities {acceptInsecureCerts: false, browserName: chrome, browserVersion: 95.0.4638.69, chrome: {chromedriverVersion: 94.0.4606.61 (418b78f5838ed..., userDataDir: C:\Users\gorbu\AppData\Loca...}, goog:chromeOptions: {debuggerAddress: localhost:59446}, javascriptEnabled: true, networkConnectionEnabled: false, pageLoadStrategy: normal, platform: WINDOWS, platformName: WINDOWS, proxy: Proxy(), setWindowRect: true, strictFileInteractability: false, timeouts: {implicit: 0, pageLoad: 300000, script: 30000}, unhandledPromptBehavior: dismiss and notify, webauthn:extension:credBlob: true, webauthn:extension:largeBlob: true, webauthn:virtualAuthenticators: true}
Session ID: 9f03a37348ce879648f61c525379df51
*** Element info: {Using=xpath, value=a[.='ADD']}
19:41:27  INFO  manager.MyListener - org.openqa.selenium.NoSuchElementException: no such element: Unable to locate element: {"method":"xpath","selector":"a[.='ADD']"}
  (Session info: chrome=95.0.4638.69)
For documentation on this error, please visit: https://www.seleniumhq.org/exceptions/no_such_element.html
Build info: version: '3.141.59', revision: 'e82be7d358', time: '2018-11-14T08:17:03'
System info: host: 'LAPTOP-44JBEN25', ip: '172.20.10.2', os.name: 'Windows 10', os.arch: 'amd64', os.version: '10.0', java.version: '1.8.0_301'
Driver info: org.openqa.selenium.chrome.ChromeDriver
Capabilities {acceptInsecureCerts: false, browserName: chrome, browserVersion: 95.0.4638.69, chrome: {chromedriverVersion: 94.0.4606.61 (418b78f5838ed..., userDataDir: C:\Users\gorbu\AppData\Loca...}, goog:chromeOptions: {debuggerAddress: localhost:59446}, javascriptEnabled: true, networkConnectionEnabled: false, pageLoadStrategy: normal, platform: WINDOWS, platformName: WINDOWS, proxy: Proxy(), setWindowRect: true, strictFileInteractability: false, timeouts: {implicit: 0, pageLoad: 300000, script: 30000}, unhandledPromptBehavior: dismiss and notify, webauthn:extension:credBlob: true, webauthn:extension:largeBlob: true, webauthn:virtualAuthenticators: true}
Session ID: 9f03a37348ce879648f61c525379df51
*** Element info: {Using=xpath, value=a[.='ADD']}
19:41:27  INFO  manager.MyListener - This link to the screenshot with error-->src/test/screenshots/screenshot-2487.png
19:41:27  INFO  tests.TestBase - *******************************************
